<?xml version="1.0" encoding="UTF-8" ?>
<testsuite errors="1" failures="0" hostname="LapVos13" name="forgetmenot.TaskTests" tests="5" time="2.726" timestamp="2013-08-19T20:23:13">
  <properties />
  <testcase classname="forgetmenot.TaskTests" name="testSuccess" time="2.314" />
  <testcase classname="forgetmenot.TaskTests" name="testDueBlank" time="0.162">
    <error message="No signature of method: com.forgetmenot.Task.setDue() is applicable for argument types: (java.lang.String) values: []&#xa;Possible solutions: setDue(java.util.Date), getDue(), setId(java.lang.Long), setUser(com.forgetmenot.security.User), getAt(java.lang.String), delete()" type="groovy.lang.MissingMethodException">groovy.lang.MissingMethodException: No signature of method: com.forgetmenot.Task.setDue() is applicable for argument types: (java.lang.String) values: []
Possible solutions: setDue(java.util.Date), getDue(), setId(java.lang.Long), setUser(com.forgetmenot.security.User), getAt(java.lang.String), delete()
	at forgetmenot.TaskTests.testDueBlank(TaskTests.groovy:61)
</error>
  </testcase>
  <testcase classname="forgetmenot.TaskTests" name="testDescriptionBlank" time="0.077" />
  <testcase classname="forgetmenot.TaskTests" name="testDescriptionExceedMaxSize" time="0.038" />
  <testcase classname="forgetmenot.TaskTests" name="testDescriptionUnique" time="0.072" />
  <system-out><![CDATA[--Output from testSuccess--
--Output from testDueBlank--
--Output from testDescriptionBlank--
--Output from testDescriptionExceedMaxSize--
--Output from testDescriptionUnique--
]]></system-out>
  <system-err><![CDATA[--Output from testSuccess--
--Output from testDueBlank--
--Output from testDescriptionBlank--
--Output from testDescriptionExceedMaxSize--
--Output from testDescriptionUnique--
]]></system-err>
</testsuite>
