<?xml version="1.0" encoding="UTF-8" ?>
<testsuite errors="0" failures="0" hostname="LapVos13" name="org.forgetmenot.UserTests" tests="1" time="0.069" timestamp="2013-08-10T08:33:15">
  <properties />
  <testcase classname="org.forgetmenot.UserTests" name="testSomething" time="0.069" />
  <system-out><![CDATA[--Output from testSomething--
]]></system-out>
  <system-err><![CDATA[--Output from testSomething--
]]></system-err>
</testsuite>
